2025-10-31T11:49:59.893Z [INFO] [req:N/A] [ImageProcessingQueue] Image processing queue initialized.
2025-10-31T11:50:03.381Z [INFO] [req:N/A] [ImageWorker] Image processing worker started.
2025-10-31T11:50:26.561Z [INFO] [req:N/A] MongoClient connected for sessions.
2025-10-31T11:50:37.155Z [INFO] [req:N/A] ✅ Mongoose connected to DB
2025-10-31T11:50:37.158Z [INFO] [req:N/A] 📦 MongoDB Connected: cluster0-shard-00-00.oissf.mongodb.net
2025-10-31T11:50:40.688Z [INFO] [req:N/A] 46 products already exist in the database. Skipping product seeding.
2025-10-31T11:50:43.097Z [INFO] [req:N/A] 7 categories already exist in the database. Skipping category seeding.
2025-10-31T11:50:44.018Z [INFO] [req:N/A] Order number counter already exists, current sequence: 1004
2025-10-31T11:50:44.022Z [INFO] [req:N/A] 🚀 Server running in development mode on port 3001
2025-10-31T12:06:06.649Z [HTTP] [req:d230ab17-f0d4-49b1-b6bc-92e79acf4860] ::1 - - [31/Oct/2025:12:06:06 +0000] "POST /api/v1/auth/signup HTTP/1.1" 200 843 "-" "PostmanRuntime/7.49.0"
2025-10-31T12:16:05.664Z [INFO] [req:N/A] [ImageProcessingQueue] Image processing queue initialized.
2025-10-31T12:16:09.212Z [INFO] [req:N/A] [ImageWorker] Image processing worker started.
2025-10-31T12:16:15.336Z [INFO] [req:N/A] MongoClient connected for sessions.
2025-10-31T12:16:18.440Z [INFO] [req:N/A] ✅ Mongoose connected to DB
2025-10-31T12:16:18.443Z [INFO] [req:N/A] 📦 MongoDB Connected: cluster0-shard-00-00.oissf.mongodb.net
2025-10-31T12:16:23.484Z [INFO] [req:N/A] 46 products already exist in the database. Skipping product seeding.
2025-10-31T12:16:25.597Z [INFO] [req:N/A] 7 categories already exist in the database. Skipping category seeding.
2025-10-31T12:16:26.107Z [INFO] [req:N/A] Order number counter already exists, current sequence: 1004
2025-10-31T12:16:26.111Z [INFO] [req:N/A] 🚀 Server running in development mode on port 3001
2025-10-31T12:16:39.076Z [HTTP] [req:bf7ab1d5-8e2c-4f22-80b3-8b65a6608552] ::1 - - [31/Oct/2025:12:16:39 +0000] "POST /api/v1/auth/signup HTTP/1.1" 200 843 "-" "PostmanRuntime/7.49.0"
2025-10-31T12:38:32.221Z [INFO] [req:N/A] [ImageProcessingQueue] Image processing queue initialized.
2025-10-31T12:38:33.092Z [INFO] [req:N/A] [ImageWorker] Image processing worker started.
2025-10-31T12:38:36.740Z [INFO] [req:N/A] MongoClient connected for sessions.
2025-10-31T12:38:38.558Z [INFO] [req:N/A] ✅ Mongoose connected to DB
2025-10-31T12:38:38.571Z [INFO] [req:N/A] 📦 MongoDB Connected: cluster0-shard-00-01.oissf.mongodb.net
2025-10-31T12:38:40.114Z [INFO] [req:N/A] 46 products already exist in the database. Skipping product seeding.
2025-10-31T12:38:40.785Z [INFO] [req:N/A] 7 categories already exist in the database. Skipping category seeding.
2025-10-31T12:38:41.076Z [INFO] [req:N/A] Order number counter already exists, current sequence: 1004
2025-10-31T12:38:41.079Z [INFO] [req:N/A] 🚀 Server running in development mode on port 3001
2025-10-31T12:45:22.771Z [HTTP] [req:c0b33f0b-99e3-43b2-b257-aa1ce759413a] ::1 - - [31/Oct/2025:12:45:22 +0000] "POST /api/v1/auth/signup HTTP/1.1" 200 843 "-" "PostmanRuntime/7.49.0"
2025-10-31T12:47:45.566Z [HTTP] [req:1c23b943-a95d-47ce-8aff-e1c889d6d0ca] ::1 - - [31/Oct/2025:12:47:45 +0000] "POST /api/v1/auth/signup HTTP/1.1" 200 843 "-" "PostmanRuntime/7.49.0"
2025-10-31T13:00:32.258Z [HTTP] [req:167838ec-d5e2-4507-81f9-924529e07bff] ::1 - - [31/Oct/2025:13:00:32 +0000] "POST /api/v1/auth/signup HTTP/1.1" 200 843 "-" "PostmanRuntime/7.49.0"
2025-10-31T13:10:38.329Z [INFO] [req:N/A] [ImageProcessingQueue] Image processing queue initialized.
2025-10-31T13:10:38.997Z [INFO] [req:N/A] [ImageWorker] Image processing worker started.
2025-10-31T13:10:42.323Z [INFO] [req:N/A] MongoClient connected for sessions.
2025-10-31T13:10:48.256Z [INFO] [req:N/A] ✅ Mongoose connected to DB
2025-10-31T13:10:48.259Z [INFO] [req:N/A] 📦 MongoDB Connected: cluster0-shard-00-01.oissf.mongodb.net
2025-10-31T13:10:50.947Z [INFO] [req:N/A] 46 products already exist in the database. Skipping product seeding.
2025-10-31T13:10:51.509Z [INFO] [req:N/A] 7 categories already exist in the database. Skipping category seeding.
2025-10-31T13:10:51.814Z [INFO] [req:N/A] Order number counter already exists, current sequence: 1004
2025-10-31T13:10:51.818Z [INFO] [req:N/A] 🚀 Server running in development mode on port 3001
2025-10-31T13:12:00.606Z [HTTP] [req:aacbc47c-0c40-4927-b786-f79a593037e5] ::1 - - [31/Oct/2025:13:12:00 +0000] "POST /api/v1/auth/verify-email HTTP/1.1" 400 54 "-" "PostmanRuntime/7.49.0"
2025-10-31T13:12:29.585Z [HTTP] [req:22d1939d-fe82-4f9c-8c80-e878eb8a5239] ::1 - - [31/Oct/2025:13:12:29 +0000] "POST /api/v1/auth/verify-email HTTP/1.1" 200 489 "-" "PostmanRuntime/7.49.0"
2025-10-31T13:14:42.836Z [WARN] [req:N/A] Received SIGINT, starting graceful shutdown...
