2025-11-04T09:57:09.505Z [ERROR] [req:3a57ba2b-6059-4698-89dd-782aafe9d44f] ❌ Path: /api/v1/auth/signup | Error: getaddrinfo ENOTFOUND api.emailjs.com
2025-11-04T11:04:38.697Z [ERROR] [req:74c3aa8c-97c9-4975-ae6a-c80552efaa75] [requireAuth] Authentication error for path: /check-auth - TokenExpiredError: jwt expired
2025-11-04T11:19:44.919Z [ERROR] [req:0af5d453-ac43-4455-a21b-5de56ebc22e0] [requireAuth] Authentication error for path: /check-auth - TokenExpiredError: jwt expired
2025-11-04T11:37:24.619Z [ERROR] [req:785623b1-0286-41d3-8aa1-9a78426b5b30] [requireAuth] Authentication error for path: /check-auth - TokenExpiredError: jwt expired
2025-11-04T11:37:24.662Z [ERROR] [req:32570a68-88d2-4cd4-ad1b-9029840ce57a] ❌ Path: /api/v1/auth/refresh | Error: Cannot read properties of undefined (reading 'RefreshToken')
2025-11-04T11:38:04.351Z [ERROR] [req:46549918-6c16-40bc-9f61-33e8a130c950] [requireAuth] Authentication error for path: /check-auth - TokenExpiredError: jwt expired
2025-11-04T11:38:04.400Z [ERROR] [req:59b88c37-8fbd-4c93-a331-6134de10c784] ❌ Path: /api/v1/auth/refresh | Error: Cannot read properties of undefined (reading 'RefreshToken')
2025-11-04T11:42:55.707Z [ERROR] [req:386c9d6c-5c95-43a6-b3dc-f8e85bc0b2b9] [requireAuth] Authentication error for path: /check-auth - TokenExpiredError: jwt expired
2025-11-04T11:42:55.751Z [ERROR] [req:8b7e9b6f-bd01-4936-8338-a510809d2496] ❌ Path: /api/v1/auth/refresh | Error: Cannot read properties of undefined (reading 'RefreshToken')
2025-11-04T11:50:36.132Z [ERROR] [req:b162c707-3684-4bd6-aa3f-6dd606a9658d] [requireAuth] Authentication error for path: /check-auth - TokenExpiredError: jwt expired
2025-11-04T11:50:36.172Z [ERROR] [req:f3cbfd4c-1a8a-4767-8046-57f40a945ce3] ❌ Path: /api/v1/auth/refresh | Error: Cannot read properties of undefined (reading 'RefreshToken')
2025-11-04T12:06:28.187Z [ERROR] [req:c3d7d1b1-5f5b-4514-b8fb-146ed85048ee] [requireAuth] Authentication error for path: /check-auth - TokenExpiredError: jwt expired
2025-11-04T12:06:28.212Z [ERROR] [req:bb489258-be51-45d2-b8d7-0d2bd7d7da7c] ❌ Path: /api/v1/auth/refresh | Error: Cannot read properties of undefined (reading 'RefreshToken')
2025-11-04T12:06:44.374Z [ERROR] [req:8c35a754-432b-41a3-a732-ada610af235b] [requireAuth] Authentication error for path: /check-auth - TokenExpiredError: jwt expired
2025-11-04T12:06:44.435Z [ERROR] [req:1e2d2a6e-2307-45aa-864d-9297044380ab] ❌ Path: /api/v1/auth/refresh | Error: Cannot read properties of undefined (reading 'RefreshToken')
2025-11-04T12:07:15.384Z [ERROR] [req:31d98d15-e066-47cd-b12f-99f7ebcd2141] [requireAuth] Authentication error for path: /check-auth - TokenExpiredError: jwt expired
2025-11-04T12:07:15.439Z [ERROR] [req:3ddfd8b3-3496-4716-8872-3e1dcdf1ae69] ❌ Path: /api/v1/auth/refresh | Error: Cannot read properties of undefined (reading 'RefreshToken')
2025-11-04T12:07:19.026Z [ERROR] [req:6af6775d-7c92-4f51-936c-6da7ac1ff692] [requireAuth] Authentication error for path: /check-auth - TokenExpiredError: jwt expired
2025-11-04T12:07:19.104Z [ERROR] [req:b6b21fe7-7cc3-4780-afc8-d0d153b99dfe] ❌ Path: /api/v1/auth/refresh | Error: Cannot read properties of undefined (reading 'RefreshToken')
2025-11-04T12:10:50.523Z [ERROR] [req:3b881618-91e1-4baa-a76f-c6806e8bf4cd] [requireAuth] Authentication error for path: /check-auth - TokenExpiredError: jwt expired
2025-11-04T12:10:50.568Z [ERROR] [req:30469535-f1e3-4ed7-bff3-a6a89f88ea14] ❌ Path: /api/v1/auth/refresh | Error: Cannot read properties of undefined (reading 'RefreshToken')
2025-11-04T12:34:02.360Z [ERROR] [req:1b114023-7001-4522-b460-c9533ae2f568] [requireAuth] Authentication error for path: /check-auth - TokenExpiredError: jwt expired
2025-11-04T12:34:02.630Z [ERROR] [req:eead7048-3f01-4459-93eb-4bae4d3a65d7] ❌ Path: /api/v1/auth/refresh | Error: Cannot read properties of undefined (reading 'cookies')
2025-11-04T12:41:36.734Z [ERROR] [req:69a03c55-8079-4f4e-adb8-df47f5ea5779] [requireAuth] Authentication error for path: /check-auth - TokenExpiredError: jwt expired
2025-11-04T15:55:32.702Z [ERROR] [req:N/A] RabbitMQ connection error:
2025-11-04T16:04:45.152Z [ERROR] [req:96ce1108-b6d1-4a20-ad7b-313c8b21e4c1] [requireAuth] Authentication error for path: /check-auth - TokenExpiredError: jwt expired
