2025-09-10T11:30:59.403Z [ERROR] Error: listen EADDRINUSE: address already in use :::3001
    at Server.setupListenHandle [as _listen2] (node:net:1940:16)
    at listenInCluster (node:net:1997:12)
    at Server.listen (node:net:2102:7)
    at Function.listen (C:\Users\Administrator\dyad-apps\Backend\node_modules\.pnpm\express@4.21.2\node_modules\express\lib\application.js:635:24)
    at startServer (file:///C:/Users/Administrator/dyad-apps/Backend/backend/server.js:119:7)
    at process.processTicksAndRejections (node:internal/process/task_queues:105:5)
2025-09-10T11:30:59.416Z [ERROR] MongoExpiredSessionError: Cannot use a session that has ended
    at applySession (C:\Users\Administrator\dyad-apps\Backend\node_modules\.pnpm\mongodb@6.19.0\node_modules\mongodb\lib\sessions.js:756:16)
    at Connection.prepareCommand (C:\Users\Administrator\dyad-apps\Backend\node_modules\.pnpm\mongodb@6.19.0\node_modules\mongodb\lib\cmap\connection.js:177:62)
    at Connection.sendCommand (C:\Users\Administrator\dyad-apps\Backend\node_modules\.pnpm\mongodb@6.19.0\node_modules\mongodb\lib\cmap\connection.js:269:30)
    at sendCommand.next (<anonymous>)
    at Connection.command (C:\Users\Administrator\dyad-apps\Backend\node_modules\.pnpm\mongodb@6.19.0\node_modules\mongodb\lib\cmap\connection.js:333:26)
    at Server.command (C:\Users\Administrator\dyad-apps\Backend\node_modules\.pnpm\mongodb@6.19.0\node_modules\mongodb\lib\sdam\server.js:194:40)
    at process.processTicksAndRejections (node:internal/process/task_queues:105:5)
    at async tryOperation (C:\Users\Administrator\dyad-apps\Backend\node_modules\.pnpm\mongodb@6.19.0\node_modules\mongodb\lib\operations\execute_operation.js:213:32)
    at async executeOperation (C:\Users\Administrator\dyad-apps\Backend\node_modules\.pnpm\mongodb@6.19.0\node_modules\mongodb\lib\operations\execute_operation.js:78:16)
    at async Collection.createIndex (C:\Users\Administrator\dyad-apps\Backend\node_modules\.pnpm\mongodb@6.19.0\node_modules\mongodb\lib\collection.js:372:25)
2025-09-10T11:32:11.503Z [ERROR] Error: listen EADDRINUSE: address already in use :::3001
    at Server.setupListenHandle [as _listen2] (node:net:1940:16)
    at listenInCluster (node:net:1997:12)
    at Server.listen (node:net:2102:7)
    at Function.listen (C:\Users\Administrator\dyad-apps\Backend\node_modules\.pnpm\express@4.21.2\node_modules\express\lib\application.js:635:24)
    at startServer (file:///C:/Users/Administrator/dyad-apps/Backend/backend/server.js:119:7)
    at process.processTicksAndRejections (node:internal/process/task_queues:105:5)
2025-09-10T11:32:11.621Z [ERROR] MongoExpiredSessionError: Cannot use a session that has ended
    at applySession (C:\Users\Administrator\dyad-apps\Backend\node_modules\.pnpm\mongodb@6.19.0\node_modules\mongodb\lib\sessions.js:756:16)
    at Connection.prepareCommand (C:\Users\Administrator\dyad-apps\Backend\node_modules\.pnpm\mongodb@6.19.0\node_modules\mongodb\lib\cmap\connection.js:177:62)
    at Connection.sendCommand (C:\Users\Administrator\dyad-apps\Backend\node_modules\.pnpm\mongodb@6.19.0\node_modules\mongodb\lib\cmap\connection.js:269:30)
    at sendCommand.next (<anonymous>)
    at Connection.command (C:\Users\Administrator\dyad-apps\Backend\node_modules\.pnpm\mongodb@6.19.0\node_modules\mongodb\lib\cmap\connection.js:333:26)
    at Server.command (C:\Users\Administrator\dyad-apps\Backend\node_modules\.pnpm\mongodb@6.19.0\node_modules\mongodb\lib\sdam\server.js:194:40)
    at process.processTicksAndRejections (node:internal/process/task_queues:105:5)
    at async tryOperation (C:\Users\Administrator\dyad-apps\Backend\node_modules\.pnpm\mongodb@6.19.0\node_modules\mongodb\lib\operations\execute_operation.js:213:32)
    at async executeOperation (C:\Users\Administrator\dyad-apps\Backend\node_modules\.pnpm\mongodb@6.19.0\node_modules\mongodb\lib\operations\execute_operation.js:78:16)
    at async Collection.createIndex (C:\Users\Administrator\dyad-apps\Backend\node_modules\.pnpm\mongodb@6.19.0\node_modules\mongodb\lib\collection.js:372:25)
2025-09-10T11:37:01.630Z [ERROR] Error: listen EADDRINUSE: address already in use :::3001
    at Server.setupListenHandle [as _listen2] (node:net:1940:16)
    at listenInCluster (node:net:1997:12)
    at Server.listen (node:net:2102:7)
    at Function.listen (C:\Users\Administrator\dyad-apps\Backend\node_modules\.pnpm\express@4.21.2\node_modules\express\lib\application.js:635:24)
    at startServer (file:///C:/Users/Administrator/dyad-apps/Backend/backend/server.js:119:7)
    at process.processTicksAndRejections (node:internal/process/task_queues:105:5)
2025-09-10T11:37:01.655Z [ERROR] MongoExpiredSessionError: Cannot use a session that has ended
    at applySession (C:\Users\Administrator\dyad-apps\Backend\node_modules\.pnpm\mongodb@6.19.0\node_modules\mongodb\lib\sessions.js:756:16)
    at Connection.prepareCommand (C:\Users\Administrator\dyad-apps\Backend\node_modules\.pnpm\mongodb@6.19.0\node_modules\mongodb\lib\cmap\connection.js:177:62)
    at Connection.sendCommand (C:\Users\Administrator\dyad-apps\Backend\node_modules\.pnpm\mongodb@6.19.0\node_modules\mongodb\lib\cmap\connection.js:269:30)
    at sendCommand.next (<anonymous>)
    at Connection.command (C:\Users\Administrator\dyad-apps\Backend\node_modules\.pnpm\mongodb@6.19.0\node_modules\mongodb\lib\cmap\connection.js:333:26)
    at Server.command (C:\Users\Administrator\dyad-apps\Backend\node_modules\.pnpm\mongodb@6.19.0\node_modules\mongodb\lib\sdam\server.js:194:40)
    at process.processTicksAndRejections (node:internal/process/task_queues:105:5)
    at async tryOperation (C:\Users\Administrator\dyad-apps\Backend\node_modules\.pnpm\mongodb@6.19.0\node_modules\mongodb\lib\operations\execute_operation.js:213:32)
    at async executeOperation (C:\Users\Administrator\dyad-apps\Backend\node_modules\.pnpm\mongodb@6.19.0\node_modules\mongodb\lib\operations\execute_operation.js:78:16)
    at async Collection.createIndex (C:\Users\Administrator\dyad-apps\Backend\node_modules\.pnpm\mongodb@6.19.0\node_modules\mongodb\lib\collection.js:372:25)
2025-09-10T11:37:21.319Z [ERROR] Error: listen EADDRINUSE: address already in use :::3001
    at Server.setupListenHandle [as _listen2] (node:net:1940:16)
    at listenInCluster (node:net:1997:12)
    at Server.listen (node:net:2102:7)
    at Function.listen (C:\Users\Administrator\dyad-apps\Backend\node_modules\.pnpm\express@4.21.2\node_modules\express\lib\application.js:635:24)
    at startServer (file:///C:/Users/Administrator/dyad-apps/Backend/backend/server.js:119:7)
    at process.processTicksAndRejections (node:internal/process/task_queues:105:5)
2025-09-10T11:37:21.333Z [ERROR] MongoExpiredSessionError: Cannot use a session that has ended
    at applySession (C:\Users\Administrator\dyad-apps\Backend\node_modules\.pnpm\mongodb@6.19.0\node_modules\mongodb\lib\sessions.js:756:16)
    at Connection.prepareCommand (C:\Users\Administrator\dyad-apps\Backend\node_modules\.pnpm\mongodb@6.19.0\node_modules\mongodb\lib\cmap\connection.js:177:62)
    at Connection.sendCommand (C:\Users\Administrator\dyad-apps\Backend\node_modules\.pnpm\mongodb@6.19.0\node_modules\mongodb\lib\cmap\connection.js:269:30)
    at sendCommand.next (<anonymous>)
    at Connection.command (C:\Users\Administrator\dyad-apps\Backend\node_modules\.pnpm\mongodb@6.19.0\node_modules\mongodb\lib\cmap\connection.js:333:26)
    at Server.command (C:\Users\Administrator\dyad-apps\Backend\node_modules\.pnpm\mongodb@6.19.0\node_modules\mongodb\lib\sdam\server.js:194:40)
    at process.processTicksAndRejections (node:internal/process/task_queues:105:5)
    at async tryOperation (C:\Users\Administrator\dyad-apps\Backend\node_modules\.pnpm\mongodb@6.19.0\node_modules\mongodb\lib\operations\execute_operation.js:213:32)
    at async executeOperation (C:\Users\Administrator\dyad-apps\Backend\node_modules\.pnpm\mongodb@6.19.0\node_modules\mongodb\lib\operations\execute_operation.js:78:16)
    at async Collection.createIndex (C:\Users\Administrator\dyad-apps\Backend\node_modules\.pnpm\mongodb@6.19.0\node_modules\mongodb\lib\collection.js:372:25)
2025-09-10T11:38:05.832Z [ERROR] Error: listen EADDRINUSE: address already in use :::3001
    at Server.setupListenHandle [as _listen2] (node:net:1940:16)
    at listenInCluster (node:net:1997:12)
    at Server.listen (node:net:2102:7)
    at Function.listen (C:\Users\Administrator\dyad-apps\Backend\node_modules\.pnpm\express@4.21.2\node_modules\express\lib\application.js:635:24)
    at startServer (file:///C:/Users/Administrator/dyad-apps/Backend/backend/server.js:119:7)
    at process.processTicksAndRejections (node:internal/process/task_queues:105:5)
2025-09-10T11:38:05.858Z [ERROR] MongoExpiredSessionError: Cannot use a session that has ended
    at applySession (C:\Users\Administrator\dyad-apps\Backend\node_modules\.pnpm\mongodb@6.19.0\node_modules\mongodb\lib\sessions.js:756:16)
    at Connection.prepareCommand (C:\Users\Administrator\dyad-apps\Backend\node_modules\.pnpm\mongodb@6.19.0\node_modules\mongodb\lib\cmap\connection.js:177:62)
    at Connection.sendCommand (C:\Users\Administrator\dyad-apps\Backend\node_modules\.pnpm\mongodb@6.19.0\node_modules\mongodb\lib\cmap\connection.js:269:30)
    at sendCommand.next (<anonymous>)
    at Connection.command (C:\Users\Administrator\dyad-apps\Backend\node_modules\.pnpm\mongodb@6.19.0\node_modules\mongodb\lib\cmap\connection.js:333:26)
    at Server.command (C:\Users\Administrator\dyad-apps\Backend\node_modules\.pnpm\mongodb@6.19.0\node_modules\mongodb\lib\sdam\server.js:194:40)
    at process.processTicksAndRejections (node:internal/process/task_queues:105:5)
    at async tryOperation (C:\Users\Administrator\dyad-apps\Backend\node_modules\.pnpm\mongodb@6.19.0\node_modules\mongodb\lib\operations\execute_operation.js:213:32)
    at async executeOperation (C:\Users\Administrator\dyad-apps\Backend\node_modules\.pnpm\mongodb@6.19.0\node_modules\mongodb\lib\operations\execute_operation.js:78:16)
    at async Collection.createIndex (C:\Users\Administrator\dyad-apps\Backend\node_modules\.pnpm\mongodb@6.19.0\node_modules\mongodb\lib\collection.js:372:25)
2025-09-10T11:38:32.183Z [ERROR] Error: listen EADDRINUSE: address already in use :::3001
    at Server.setupListenHandle [as _listen2] (node:net:1940:16)
    at listenInCluster (node:net:1997:12)
    at Server.listen (node:net:2102:7)
    at Function.listen (C:\Users\Administrator\dyad-apps\Backend\node_modules\.pnpm\express@4.21.2\node_modules\express\lib\application.js:635:24)
    at startServer (file:///C:/Users/Administrator/dyad-apps/Backend/backend/server.js:119:7)
    at process.processTicksAndRejections (node:internal/process/task_queues:105:5)
2025-09-10T11:38:32.196Z [ERROR] MongoExpiredSessionError: Cannot use a session that has ended
    at applySession (C:\Users\Administrator\dyad-apps\Backend\node_modules\.pnpm\mongodb@6.19.0\node_modules\mongodb\lib\sessions.js:756:16)
    at Connection.prepareCommand (C:\Users\Administrator\dyad-apps\Backend\node_modules\.pnpm\mongodb@6.19.0\node_modules\mongodb\lib\cmap\connection.js:177:62)
    at Connection.sendCommand (C:\Users\Administrator\dyad-apps\Backend\node_modules\.pnpm\mongodb@6.19.0\node_modules\mongodb\lib\cmap\connection.js:269:30)
    at sendCommand.next (<anonymous>)
    at Connection.command (C:\Users\Administrator\dyad-apps\Backend\node_modules\.pnpm\mongodb@6.19.0\node_modules\mongodb\lib\cmap\connection.js:333:26)
    at Server.command (C:\Users\Administrator\dyad-apps\Backend\node_modules\.pnpm\mongodb@6.19.0\node_modules\mongodb\lib\sdam\server.js:194:40)
    at process.processTicksAndRejections (node:internal/process/task_queues:105:5)
    at async tryOperation (C:\Users\Administrator\dyad-apps\Backend\node_modules\.pnpm\mongodb@6.19.0\node_modules\mongodb\lib\operations\execute_operation.js:213:32)
    at async executeOperation (C:\Users\Administrator\dyad-apps\Backend\node_modules\.pnpm\mongodb@6.19.0\node_modules\mongodb\lib\operations\execute_operation.js:78:16)
    at async Collection.createIndex (C:\Users\Administrator\dyad-apps\Backend\node_modules\.pnpm\mongodb@6.19.0\node_modules\mongodb\lib\collection.js:372:25)
2025-09-10T11:39:44.350Z [ERROR] Error: listen EADDRINUSE: address already in use :::3001
    at Server.setupListenHandle [as _listen2] (node:net:1940:16)
    at listenInCluster (node:net:1997:12)
    at Server.listen (node:net:2102:7)
    at Function.listen (C:\Users\Administrator\dyad-apps\Backend\node_modules\.pnpm\express@4.21.2\node_modules\express\lib\application.js:635:24)
    at startServer (file:///C:/Users/Administrator/dyad-apps/Backend/backend/server.js:119:7)
    at process.processTicksAndRejections (node:internal/process/task_queues:105:5)
2025-09-10T11:39:44.378Z [ERROR] MongoExpiredSessionError: Cannot use a session that has ended
    at applySession (C:\Users\Administrator\dyad-apps\Backend\node_modules\.pnpm\mongodb@6.19.0\node_modules\mongodb\lib\sessions.js:756:16)
    at Connection.prepareCommand (C:\Users\Administrator\dyad-apps\Backend\node_modules\.pnpm\mongodb@6.19.0\node_modules\mongodb\lib\cmap\connection.js:177:62)
    at Connection.sendCommand (C:\Users\Administrator\dyad-apps\Backend\node_modules\.pnpm\mongodb@6.19.0\node_modules\mongodb\lib\cmap\connection.js:269:30)
    at sendCommand.next (<anonymous>)
    at Connection.command (C:\Users\Administrator\dyad-apps\Backend\node_modules\.pnpm\mongodb@6.19.0\node_modules\mongodb\lib\cmap\connection.js:333:26)
    at Server.command (C:\Users\Administrator\dyad-apps\Backend\node_modules\.pnpm\mongodb@6.19.0\node_modules\mongodb\lib\sdam\server.js:194:40)
    at process.processTicksAndRejections (node:internal/process/task_queues:105:5)
    at async tryOperation (C:\Users\Administrator\dyad-apps\Backend\node_modules\.pnpm\mongodb@6.19.0\node_modules\mongodb\lib\operations\execute_operation.js:213:32)
    at async executeOperation (C:\Users\Administrator\dyad-apps\Backend\node_modules\.pnpm\mongodb@6.19.0\node_modules\mongodb\lib\operations\execute_operation.js:78:16)
    at async Collection.createIndex (C:\Users\Administrator\dyad-apps\Backend\node_modules\.pnpm\mongodb@6.19.0\node_modules\mongodb\lib\collection.js:372:25)
2025-09-10T11:40:03.898Z [ERROR] Error: listen EADDRINUSE: address already in use :::3001
    at Server.setupListenHandle [as _listen2] (node:net:1940:16)
    at listenInCluster (node:net:1997:12)
    at Server.listen (node:net:2102:7)
    at Function.listen (C:\Users\Administrator\dyad-apps\Backend\node_modules\.pnpm\express@4.21.2\node_modules\express\lib\application.js:635:24)
    at startServer (file:///C:/Users/Administrator/dyad-apps/Backend/backend/server.js:119:7)
    at process.processTicksAndRejections (node:internal/process/task_queues:105:5)
2025-09-10T11:40:03.917Z [ERROR] MongoExpiredSessionError: Cannot use a session that has ended
    at applySession (C:\Users\Administrator\dyad-apps\Backend\node_modules\.pnpm\mongodb@6.19.0\node_modules\mongodb\lib\sessions.js:756:16)
    at Connection.prepareCommand (C:\Users\Administrator\dyad-apps\Backend\node_modules\.pnpm\mongodb@6.19.0\node_modules\mongodb\lib\cmap\connection.js:177:62)
    at Connection.sendCommand (C:\Users\Administrator\dyad-apps\Backend\node_modules\.pnpm\mongodb@6.19.0\node_modules\mongodb\lib\cmap\connection.js:269:30)
    at sendCommand.next (<anonymous>)
    at Connection.command (C:\Users\Administrator\dyad-apps\Backend\node_modules\.pnpm\mongodb@6.19.0\node_modules\mongodb\lib\cmap\connection.js:333:26)
    at Server.command (C:\Users\Administrator\dyad-apps\Backend\node_modules\.pnpm\mongodb@6.19.0\node_modules\mongodb\lib\sdam\server.js:194:40)
    at process.processTicksAndRejections (node:internal/process/task_queues:105:5)
    at async tryOperation (C:\Users\Administrator\dyad-apps\Backend\node_modules\.pnpm\mongodb@6.19.0\node_modules\mongodb\lib\operations\execute_operation.js:213:32)
    at async executeOperation (C:\Users\Administrator\dyad-apps\Backend\node_modules\.pnpm\mongodb@6.19.0\node_modules\mongodb\lib\operations\execute_operation.js:78:16)
    at async Collection.createIndex (C:\Users\Administrator\dyad-apps\Backend\node_modules\.pnpm\mongodb@6.19.0\node_modules\mongodb\lib\collection.js:372:25)
2025-09-10T11:42:46.388Z [ERROR] Error: listen EADDRINUSE: address already in use :::3001
    at Server.setupListenHandle [as _listen2] (node:net:1940:16)
    at listenInCluster (node:net:1997:12)
    at Server.listen (node:net:2102:7)
    at Function.listen (C:\Users\Administrator\dyad-apps\Backend\node_modules\.pnpm\express@4.21.2\node_modules\express\lib\application.js:635:24)
    at startServer (file:///C:/Users/Administrator/dyad-apps/Backend/backend/server.js:119:7)
    at process.processTicksAndRejections (node:internal/process/task_queues:105:5)
2025-09-10T11:42:46.414Z [ERROR] MongoExpiredSessionError: Cannot use a session that has ended
    at applySession (C:\Users\Administrator\dyad-apps\Backend\node_modules\.pnpm\mongodb@6.19.0\node_modules\mongodb\lib\sessions.js:756:16)
    at Connection.prepareCommand (C:\Users\Administrator\dyad-apps\Backend\node_modules\.pnpm\mongodb@6.19.0\node_modules\mongodb\lib\cmap\connection.js:177:62)
    at Connection.sendCommand (C:\Users\Administrator\dyad-apps\Backend\node_modules\.pnpm\mongodb@6.19.0\node_modules\mongodb\lib\cmap\connection.js:269:30)
    at sendCommand.next (<anonymous>)
    at Connection.command (C:\Users\Administrator\dyad-apps\Backend\node_modules\.pnpm\mongodb@6.19.0\node_modules\mongodb\lib\cmap\connection.js:333:26)
    at Server.command (C:\Users\Administrator\dyad-apps\Backend\node_modules\.pnpm\mongodb@6.19.0\node_modules\mongodb\lib\sdam\server.js:194:40)
    at process.processTicksAndRejections (node:internal/process/task_queues:105:5)
    at async tryOperation (C:\Users\Administrator\dyad-apps\Backend\node_modules\.pnpm\mongodb@6.19.0\node_modules\mongodb\lib\operations\execute_operation.js:213:32)
    at async executeOperation (C:\Users\Administrator\dyad-apps\Backend\node_modules\.pnpm\mongodb@6.19.0\node_modules\mongodb\lib\operations\execute_operation.js:78:16)
    at async Collection.createIndex (C:\Users\Administrator\dyad-apps\Backend\node_modules\.pnpm\mongodb@6.19.0\node_modules\mongodb\lib\collection.js:372:25)
2025-09-10T11:43:59.863Z [ERROR] Error: listen EADDRINUSE: address already in use :::3001
    at Server.setupListenHandle [as _listen2] (node:net:1940:16)
    at listenInCluster (node:net:1997:12)
    at Server.listen (node:net:2102:7)
    at Function.listen (C:\Users\Administrator\dyad-apps\Backend\node_modules\.pnpm\express@4.21.2\node_modules\express\lib\application.js:635:24)
    at startServer (file:///C:/Users/Administrator/dyad-apps/Backend/backend/server.js:119:7)
    at process.processTicksAndRejections (node:internal/process/task_queues:105:5)
2025-09-10T11:43:59.883Z [ERROR] MongoExpiredSessionError: Cannot use a session that has ended
    at applySession (C:\Users\Administrator\dyad-apps\Backend\node_modules\.pnpm\mongodb@6.19.0\node_modules\mongodb\lib\sessions.js:756:16)
    at Connection.prepareCommand (C:\Users\Administrator\dyad-apps\Backend\node_modules\.pnpm\mongodb@6.19.0\node_modules\mongodb\lib\cmap\connection.js:177:62)
    at Connection.sendCommand (C:\Users\Administrator\dyad-apps\Backend\node_modules\.pnpm\mongodb@6.19.0\node_modules\mongodb\lib\cmap\connection.js:269:30)
    at sendCommand.next (<anonymous>)
    at Connection.command (C:\Users\Administrator\dyad-apps\Backend\node_modules\.pnpm\mongodb@6.19.0\node_modules\mongodb\lib\cmap\connection.js:333:26)
    at Server.command (C:\Users\Administrator\dyad-apps\Backend\node_modules\.pnpm\mongodb@6.19.0\node_modules\mongodb\lib\sdam\server.js:194:40)
    at process.processTicksAndRejections (node:internal/process/task_queues:105:5)
    at async tryOperation (C:\Users\Administrator\dyad-apps\Backend\node_modules\.pnpm\mongodb@6.19.0\node_modules\mongodb\lib\operations\execute_operation.js:213:32)
    at async executeOperation (C:\Users\Administrator\dyad-apps\Backend\node_modules\.pnpm\mongodb@6.19.0\node_modules\mongodb\lib\operations\execute_operation.js:78:16)
    at async Collection.createIndex (C:\Users\Administrator\dyad-apps\Backend\node_modules\.pnpm\mongodb@6.19.0\node_modules\mongodb\lib\collection.js:372:25)
2025-09-10T11:44:03.785Z [ERROR] Error: listen EADDRINUSE: address already in use :::3001
    at Server.setupListenHandle [as _listen2] (node:net:1940:16)
    at listenInCluster (node:net:1997:12)
    at Server.listen (node:net:2102:7)
    at Function.listen (C:\Users\Administrator\dyad-apps\Backend\node_modules\.pnpm\express@4.21.2\node_modules\express\lib\application.js:635:24)
    at startServer (file:///C:/Users/Administrator/dyad-apps/Backend/backend/server.js:119:7)
    at process.processTicksAndRejections (node:internal/process/task_queues:105:5)
2025-09-10T11:44:03.802Z [ERROR] MongoExpiredSessionError: Cannot use a session that has ended
    at applySession (C:\Users\Administrator\dyad-apps\Backend\node_modules\.pnpm\mongodb@6.19.0\node_modules\mongodb\lib\sessions.js:756:16)
    at Connection.prepareCommand (C:\Users\Administrator\dyad-apps\Backend\node_modules\.pnpm\mongodb@6.19.0\node_modules\mongodb\lib\cmap\connection.js:177:62)
    at Connection.sendCommand (C:\Users\Administrator\dyad-apps\Backend\node_modules\.pnpm\mongodb@6.19.0\node_modules\mongodb\lib\cmap\connection.js:269:30)
    at sendCommand.next (<anonymous>)
    at Connection.command (C:\Users\Administrator\dyad-apps\Backend\node_modules\.pnpm\mongodb@6.19.0\node_modules\mongodb\lib\cmap\connection.js:333:26)
    at Server.command (C:\Users\Administrator\dyad-apps\Backend\node_modules\.pnpm\mongodb@6.19.0\node_modules\mongodb\lib\sdam\server.js:194:40)
    at process.processTicksAndRejections (node:internal/process/task_queues:105:5)
    at async tryOperation (C:\Users\Administrator\dyad-apps\Backend\node_modules\.pnpm\mongodb@6.19.0\node_modules\mongodb\lib\operations\execute_operation.js:213:32)
    at async executeOperation (C:\Users\Administrator\dyad-apps\Backend\node_modules\.pnpm\mongodb@6.19.0\node_modules\mongodb\lib\operations\execute_operation.js:78:16)
    at async Collection.createIndex (C:\Users\Administrator\dyad-apps\Backend\node_modules\.pnpm\mongodb@6.19.0\node_modules\mongodb\lib\collection.js:372:25)
